<?xml version="1.0" encoding="UTF-8"?>
<!-- Generated by org.testng.reporters.JUnitXMLReporter -->
<testsuite hostname="EPBYMINW2444" ignored="0" name="Default test" tests="5" failures="0" timestamp="02 Jul 2017 15:32:13 GMT" time="92.566" errors="0">
  <testcase name="mouseKeyboardActions" time="15.254" classname="by.epam.atmentoring.framework.test.PageObjectGmailTest"/>
  <testcase name="jsInjection" time="12.155" classname="by.epam.atmentoring.framework.test.PageObjectGmailTest"/>
  <testcase name="Scenario1" time="17.06" classname="by.epam.atmentoring.framework.test.PageObjectGmailTest"/>
  <testcase name="Scenario2" time="11.737" classname="by.epam.atmentoring.framework.test.PageObjectGmailTest"/>
  <testcase name="Scenario3" time="16.091" classname="by.epam.atmentoring.framework.test.PageObjectGmailTest"/>
</testsuite> <!-- Default test -->
